<?xml version="1.0" encoding="UTF-8"?>
<!-- Generated by org.testng.reporters.JUnitReportReporter -->
<testsuite hostname="Lenovo-PC" failures="0" tests="1" name="page.test.ProductTest" time="37.171" errors="0" timestamp="2020-05-16T18:17:47 CEST" skipped="0">
  <testcase classname="page.test.ProductTest" name="prodTest" time="37.171"/>
  <system-out/>
</testsuite> <!-- page.test.ProductTest -->
