<?xml version="1.0" encoding="UTF-8"?>
<!-- Generated by org.testng.reporters.JUnitReportReporter -->
<testsuite hostname="Lenovo-PC" failures="0" tests="1" name="page.test.MultiUserRegFromInside" time="55.426" errors="0" timestamp="2020-05-16T17:11:40 CEST" skipped="0">
  <testcase classname="page.test.MultiUserRegFromInside" name="multiReg" time="55.426"/>
  <system-out/>
</testsuite> <!-- page.test.MultiUserRegFromInside -->
