<?xml version="1.0" encoding="UTF-8"?>
<!-- Generated by org.testng.reporters.JUnitReportReporter -->
<testsuite hostname="Lenovo-PC" failures="0" tests="1" name="page.test.EditProductTest" time="56.431" errors="0" timestamp="2020-05-15T16:51:21 CEST" skipped="0">
  <testcase classname="page.test.EditProductTest" name="prodTest" time="56.431"/>
  <system-out/>
</testsuite> <!-- page.test.EditProductTest -->
