<?xml version="1.0" encoding="UTF-8"?>
<!-- Generated by org.testng.reporters.JUnitReportReporter -->
<testsuite hostname="Lenovo-PC" failures="0" tests="1" name="page.test.MultiUserLogin" time="449.463" errors="0" timestamp="2020-05-15T16:31:28 CEST" skipped="0">
  <testcase classname="page.test.MultiUserLogin" name="testSignIn" time="449.463"/>
  <system-out/>
</testsuite> <!-- page.test.MultiUserLogin -->
