<?xml version="1.0" encoding="UTF-8"?>
<!-- Generated by org.testng.reporters.JUnitReportReporter -->
<testsuite hostname="Lenovo-PC" failures="0" tests="1" name="page.test.SignInTest" time="37.234" errors="0" timestamp="2020-05-15T16:51:21 CEST" skipped="0">
  <testcase classname="page.test.SignInTest" name="testSignIn" time="37.234"/>
  <system-out/>
</testsuite> <!-- page.test.SignInTest -->
