<?xml version="1.0" encoding="UTF-8"?>
<!-- Generated by org.testng.reporters.JUnitReportReporter -->
<testsuite hostname="Lenovo-PC" failures="0" tests="1" name="page.test.Registration2Test" time="28.262" errors="0" timestamp="2020-05-16T13:21:45 CEST" skipped="0">
  <testcase classname="page.test.Registration2Test" name="Reg2" time="28.262"/>
  <system-out/>
</testsuite> <!-- page.test.Registration2Test -->
